<?xml version="1.0" encoding="UTF-8"?>
<testng-results ignored="0" total="1" passed="1" failed="0" skipped="0">
  <reporter-output>
  </reporter-output>
  <suite started-at="2023-07-25T13:56:50 IST" name="Default suite" finished-at="2023-07-25T13:57:53 IST" duration-ms="63404">
    <groups>
    </groups>
    <test started-at="2023-07-25T13:56:50 IST" name="Default test" finished-at="2023-07-25T13:57:53 IST" duration-ms="63404">
      <class name="demoPakg.StockMarketBasics">
        <test-method is-config="true" signature="configureAppium()[pri:0, instance:demoPakg.StockMarketBasics@7f485fda]" started-at="2023-07-25T13:56:50 IST" name="configureAppium" finished-at="2023-07-25T13:57:12 IST" duration-ms="22295" status="PASS">
          <reporter-output>
          </reporter-output>
        </test-method> <!-- configureAppium -->
        <test-method signature="StartApp()[pri:0, instance:demoPakg.StockMarketBasics@7f485fda]" started-at="2023-07-25T13:57:12 IST" name="StartApp" finished-at="2023-07-25T13:57:52 IST" duration-ms="40180" status="PASS">
          <reporter-output>
          </reporter-output>
        </test-method> <!-- StartApp -->
        <test-method is-config="true" signature="tearDown()[pri:0, instance:demoPakg.StockMarketBasics@7f485fda]" started-at="2023-07-25T13:57:52 IST" name="tearDown" finished-at="2023-07-25T13:57:53 IST" duration-ms="885" status="PASS">
          <reporter-output>
          </reporter-output>
        </test-method> <!-- tearDown -->
      </class> <!-- demoPakg.StockMarketBasics -->
    </test> <!-- Default test -->
  </suite> <!-- Default suite -->
</testng-results>
